INFO:     Will watch for changes in these directories: ['/Users/murrayheaton/Documents/GitHub/soleil/band-platform/backend']
INFO:     Uvicorn running on http://0.0.0.0:8000 (Press CTRL+C to quit)
INFO:     Started reloader process [25409] using StatReload
INFO:     Started server process [25421]
INFO:     Waiting for application startup.
INFO:     Application startup complete.
INFO:     127.0.0.1:63612 - "GET / HTTP/1.1" 200 OK
INFO:     127.0.0.1:63614 - "GET / HTTP/1.1" 200 OK
INFO:     127.0.0.1:63640 - "GET /api/user/profile HTTP/1.1" 200 OK
INFO:     127.0.0.1:63644 - "GET /api/auth/google/callback?code=4/0AVMBsJje1p6Qc4FAeuOTsp2E0U-lt1niU1CnKQNrdw4Q8XivatuptV1WQSMqvLsAoImNiQ&scope=email%20https://www.googleapis.com/auth/drive.readonly%20https://www.googleapis.com/auth/userinfo.email%20openid&authuser=0&prompt=consent HTTP/1.1" 307 Temporary Redirect
INFO:     127.0.0.1:63658 - "GET /api/user/profile HTTP/1.1" 200 OK
INFO:     127.0.0.1:63660 - "OPTIONS /api/user/profile HTTP/1.1" 200 OK
INFO:     127.0.0.1:63660 - "POST /api/user/profile HTTP/1.1" 200 OK
INFO:     127.0.0.1:63660 - "GET /api/user/profile HTTP/1.1" 200 OK
INFO:     127.0.0.1:63660 - "GET /api/user/profile HTTP/1.1" 200 OK
DEBUG: Retrieved 474 files in this batch from Charts
DEBUG: Found 474 total files in Charts folder
DEBUG: Retrieved 84 files in this batch from Audio
DEBUG: Found 84 total files in Audio folder
DEBUG: Processing 474 chart files for alto_sax (target: EB)...
DEBUG: Found 90sPop chart: 90sPop_Eb.pdf
DEBUG: Found 93 E♭ charts total
DEBUG: Final alto_sax_songs keys: ['Unwritten', 'StandByMe', 'ThisIsHowWeDoIt', 'BrickHouse', 'IntoYou', 'Fantasy', 'DontStartNow', 'HowWillIKnow', 'DontYouWorryBoutAThing', 'Satisfaction', 'IWillSurvive', 'PlayThatFunkyMusic', 'DontGoYet', 'ShapeOfYou', 'Superstition', 'LetsGroove', 'DontYouWorryChild', 'CantTakeMyEyesOffOfYou', 'HigherAndHigher', 'LilBooThang', 'Sorry', 'September', 'UptownFunk', 'WeFoundLove', 'EDM', 'JTMedley', 'SignedSealedDelivered', 'CrazyInLove', 'Levitating', 'SummerOf69', 'YouAreTheBestThing', 'HoldOnWereGoingHome', 'KillingMeSoftly', 'SinceYouBeenGone', 'HarderBetterFasterStronger', 'CuffIt', 'WakeMeUp', 'IDontCare', 'RollingInTheDeep', 'ShakeYourBody', 'LovelyDay', 'GetLucky', 'HigherLove', 'ImEveryWoman', 'MyGirl', 'DejaVu', 'IFeelItComing', 'Flowers', 'MyHair', 'Valerie', 'ShookMeAllNightLong', 'ProudMary', 'DontStopBelieving', 'IWannaDanceWithSomebody', 'DontStopTheMusic', 'DiscoMedley', 'SexOnFire', 'LeaveTheDoorOpen', '90sPopMedley', 'DanceTheNight', 'IfIAintGotYou-Eb', 'GeorgiaOnMyMind-Eb', 'LoveOnTop', 'MurderOnTheDancefloor', 'YouWereRight', 'Body', 'Punk', '90sPop', 'PunkMedley', 'OneLastTime', 'LivinOnAPrayer', 'Hora', 'DYWBAT', 'HotInHerre', 'CantStopTheFeeling', 'WatermelonSugar', 'YourSong', 'ThinkingOutLoud', 'ColdHeart', 'AsItWas', 'Mirrors', 'ItsMyLife', 'Toxic', 'BestOfMyLove', 'CaughtUp', 'Gimme', 'Celebrate', 'AintNobody', 'BooThang', 'AintNoMountain', 'Skate', 'Espresso', 'RockMedley', 'EDMMedley', '2000sPunkMedley', 'MotownMedley', 'WhenWeWereYoung']
DEBUG: Added song 'Unwritten' with 1 charts, 1 audio
DEBUG: Added song 'StandByMe' with 1 charts, 1 audio
DEBUG: Added song 'ThisIsHowWeDoIt' with 1 charts, 1 audio
DEBUG: Added song 'BrickHouse' with 1 charts, 1 audio
DEBUG: Added song 'IntoYou' with 2 charts, 1 audio
DEBUG: Added song 'Fantasy' with 1 charts, 1 audio
DEBUG: Added song 'DontStartNow' with 1 charts, 1 audio
DEBUG: Added song 'HowWillIKnow' with 1 charts, 1 audio
DEBUG: Added song 'DontYouWorryBoutAThing' with 1 charts, 1 audio
DEBUG: Added song 'Satisfaction' with 1 charts, 1 audio
DEBUG: Added song 'IWillSurvive' with 1 charts, 1 audio
DEBUG: Added song 'PlayThatFunkyMusic' with 2 charts, 1 audio
DEBUG: Added song 'DontGoYet' with 1 charts, 1 audio
DEBUG: Added song 'ShapeOfYou' with 1 charts, 1 audio
DEBUG: Added song 'Superstition' with 1 charts, 1 audio
DEBUG: Added song 'LetsGroove' with 1 charts, 1 audio
DEBUG: Added song 'DontYouWorryChild' with 1 charts, 1 audio
DEBUG: Added song 'CantTakeMyEyesOffOfYou' with 1 charts, 1 audio
DEBUG: Added song 'HigherAndHigher' with 1 charts, 1 audio
DEBUG: Added song 'LilBooThang' with 1 charts, 1 audio
DEBUG: Added song 'Sorry' with 1 charts, 1 audio
DEBUG: Added song 'September' with 1 charts, 1 audio
DEBUG: Added song 'UptownFunk' with 1 charts, 1 audio
DEBUG: Added song 'WeFoundLove' with 1 charts, 1 audio
DEBUG: Added song 'EDM' with 1 charts, 0 audio
DEBUG: Added song 'JTMedley' with 2 charts, 1 audio
DEBUG: Added song 'SignedSealedDelivered' with 1 charts, 1 audio
DEBUG: Added song 'CrazyInLove' with 1 charts, 1 audio
DEBUG: Added song 'Levitating' with 1 charts, 1 audio
DEBUG: Added song 'SummerOf69' with 1 charts, 1 audio
DEBUG: Added song 'YouAreTheBestThing' with 1 charts, 1 audio
DEBUG: Added song 'HoldOnWereGoingHome' with 1 charts, 1 audio
DEBUG: Added song 'KillingMeSoftly' with 1 charts, 1 audio
DEBUG: Added song 'SinceYouBeenGone' with 1 charts, 1 audio
DEBUG: Added song 'HarderBetterFasterStronger' with 1 charts, 1 audio
DEBUG: Added song 'CuffIt' with 1 charts, 1 audio
DEBUG: Added song 'WakeMeUp' with 1 charts, 1 audio
DEBUG: Added song 'IDontCare' with 1 charts, 1 audio
DEBUG: Added song 'RollingInTheDeep' with 1 charts, 1 audio
DEBUG: Added song 'ShakeYourBody' with 1 charts, 1 audio
DEBUG: Added song 'LovelyDay' with 1 charts, 1 audio
DEBUG: Added song 'GetLucky' with 2 charts, 1 audio
DEBUG: Added song 'HigherLove' with 1 charts, 1 audio
DEBUG: Added song 'ImEveryWoman' with 1 charts, 1 audio
DEBUG: Added song 'MyGirl' with 1 charts, 1 audio
DEBUG: Added song 'DejaVu' with 2 charts, 1 audio
DEBUG: Added song 'IFeelItComing' with 1 charts, 1 audio
DEBUG: Added song 'Flowers' with 1 charts, 1 audio
DEBUG: Added song 'MyHair' with 1 charts, 1 audio
DEBUG: Added song 'Valerie' with 1 charts, 1 audio
DEBUG: Added song 'ShookMeAllNightLong' with 1 charts, 1 audio
DEBUG: Added song 'ProudMary' with 1 charts, 1 audio
DEBUG: Added song 'DontStopBelieving' with 1 charts, 1 audio
DEBUG: Added song 'IWannaDanceWithSomebody' with 1 charts, 1 audio
DEBUG: Added song 'DontStopTheMusic' with 1 charts, 1 audio
DEBUG: Added song 'DiscoMedley' with 1 charts, 1 audio
DEBUG: Added song 'SexOnFire' with 1 charts, 1 audio
DEBUG: Added song 'LeaveTheDoorOpen' with 1 charts, 1 audio
DEBUG: Added song '90sPopMedley' with 1 charts, 0 audio
DEBUG: Added song 'DanceTheNight' with 1 charts, 1 audio
DEBUG: Added song 'IfIAintGotYou-Eb' with 1 charts, 0 audio
DEBUG: Added song 'GeorgiaOnMyMind-Eb' with 1 charts, 0 audio
DEBUG: Added song 'LoveOnTop' with 1 charts, 1 audio
DEBUG: Added song 'MurderOnTheDancefloor' with 1 charts, 0 audio
DEBUG: Added song 'YouWereRight' with 1 charts, 0 audio
DEBUG: Added song 'Body' with 1 charts, 0 audio
DEBUG: Added song 'Punk' with 1 charts, 0 audio
DEBUG: Added song '90sPop' with 1 charts, 1 audio
DEBUG: Added song 'PunkMedley' with 1 charts, 0 audio
DEBUG: Added song 'OneLastTime' with 1 charts, 1 audio
DEBUG: Added song 'LivinOnAPrayer' with 1 charts, 1 audio
DEBUG: Added song 'Hora' with 1 charts, 1 audio
DEBUG: Added song 'DYWBAT' with 1 charts, 0 audio
DEBUG: Added song 'HotInHerre' with 1 charts, 1 audio
DEBUG: Added song 'CantStopTheFeeling' with 1 charts, 1 audio
DEBUG: Added song 'WatermelonSugar' with 1 charts, 1 audio
DEBUG: Added song 'YourSong' with 1 charts, 0 audio
DEBUG: Added song 'ThinkingOutLoud' with 1 charts, 0 audio
DEBUG: Added song 'ColdHeart' with 1 charts, 1 audio
DEBUG: Added song 'AsItWas' with 1 charts, 1 audio
DEBUG: Added song 'Mirrors' with 1 charts, 1 audio
DEBUG: Added song 'ItsMyLife' with 1 charts, 1 audio
DEBUG: Added song 'Toxic' with 1 charts, 1 audio
DEBUG: Added song 'BestOfMyLove' with 1 charts, 0 audio
DEBUG: Added song 'CaughtUp' with 1 charts, 1 audio
DEBUG: Added song 'Gimme' with 1 charts, 1 audio
DEBUG: Added song 'Celebrate' with 1 charts, 1 audio
DEBUG: Added song 'AintNobody' with 1 charts, 1 audio
DEBUG: Added song 'BooThang' with 0 charts, 1 audio
DEBUG: Added song 'AintNoMountain' with 0 charts, 1 audio
DEBUG: Added song 'Skate' with 0 charts, 1 audio
DEBUG: Added song 'Espresso' with 0 charts, 1 audio
DEBUG: Added song 'RockMedley' with 0 charts, 1 audio
DEBUG: Added song 'EDMMedley' with 0 charts, 1 audio
DEBUG: Added song '2000sPunkMedley' with 0 charts, 1 audio
DEBUG: Added song 'MotownMedley' with 0 charts, 1 audio
DEBUG: Added song 'WhenWeWereYoung' with 0 charts, 1 audio
DEBUG: Final result: 97 songs total
INFO:     127.0.0.1:63660 - "GET /api/drive/alto_sax-view HTTP/1.1" 200 OK
DEBUG: Retrieved 474 files in this batch from Charts
DEBUG: Found 474 total files in Charts folder
DEBUG: Retrieved 84 files in this batch from Audio
DEBUG: Found 84 total files in Audio folder
DEBUG: Processing 474 chart files for alto_sax (target: EB)...
DEBUG: Found 90sPop chart: 90sPop_Eb.pdf
DEBUG: Found 93 E♭ charts total
DEBUG: Final alto_sax_songs keys: ['Unwritten', 'StandByMe', 'ThisIsHowWeDoIt', 'BrickHouse', 'IntoYou', 'Fantasy', 'DontStartNow', 'HowWillIKnow', 'DontYouWorryBoutAThing', 'Satisfaction', 'IWillSurvive', 'PlayThatFunkyMusic', 'DontGoYet', 'ShapeOfYou', 'Superstition', 'LetsGroove', 'DontYouWorryChild', 'CantTakeMyEyesOffOfYou', 'HigherAndHigher', 'LilBooThang', 'Sorry', 'September', 'UptownFunk', 'WeFoundLove', 'EDM', 'JTMedley', 'SignedSealedDelivered', 'CrazyInLove', 'Levitating', 'SummerOf69', 'YouAreTheBestThing', 'HoldOnWereGoingHome', 'KillingMeSoftly', 'SinceYouBeenGone', 'HarderBetterFasterStronger', 'CuffIt', 'WakeMeUp', 'IDontCare', 'RollingInTheDeep', 'ShakeYourBody', 'LovelyDay', 'GetLucky', 'HigherLove', 'ImEveryWoman', 'MyGirl', 'DejaVu', 'IFeelItComing', 'Flowers', 'MyHair', 'Valerie', 'ShookMeAllNightLong', 'ProudMary', 'DontStopBelieving', 'IWannaDanceWithSomebody', 'DontStopTheMusic', 'DiscoMedley', 'SexOnFire', 'LeaveTheDoorOpen', '90sPopMedley', 'DanceTheNight', 'IfIAintGotYou-Eb', 'GeorgiaOnMyMind-Eb', 'LoveOnTop', 'MurderOnTheDancefloor', 'YouWereRight', 'Body', 'Punk', '90sPop', 'PunkMedley', 'OneLastTime', 'LivinOnAPrayer', 'Hora', 'DYWBAT', 'HotInHerre', 'CantStopTheFeeling', 'WatermelonSugar', 'YourSong', 'ThinkingOutLoud', 'ColdHeart', 'AsItWas', 'Mirrors', 'ItsMyLife', 'Toxic', 'BestOfMyLove', 'CaughtUp', 'Gimme', 'Celebrate', 'AintNobody', 'BooThang', 'AintNoMountain', 'Skate', 'Espresso', 'RockMedley', 'EDMMedley', '2000sPunkMedley', 'MotownMedley', 'WhenWeWereYoung']
DEBUG: Added song 'Unwritten' with 1 charts, 1 audio
DEBUG: Added song 'StandByMe' with 1 charts, 1 audio
DEBUG: Added song 'ThisIsHowWeDoIt' with 1 charts, 1 audio
DEBUG: Added song 'BrickHouse' with 1 charts, 1 audio
DEBUG: Added song 'IntoYou' with 2 charts, 1 audio
DEBUG: Added song 'Fantasy' with 1 charts, 1 audio
DEBUG: Added song 'DontStartNow' with 1 charts, 1 audio
DEBUG: Added song 'HowWillIKnow' with 1 charts, 1 audio
DEBUG: Added song 'DontYouWorryBoutAThing' with 1 charts, 1 audio
DEBUG: Added song 'Satisfaction' with 1 charts, 1 audio
DEBUG: Added song 'IWillSurvive' with 1 charts, 1 audio
DEBUG: Added song 'PlayThatFunkyMusic' with 2 charts, 1 audio
DEBUG: Added song 'DontGoYet' with 1 charts, 1 audio
DEBUG: Added song 'ShapeOfYou' with 1 charts, 1 audio
DEBUG: Added song 'Superstition' with 1 charts, 1 audio
DEBUG: Added song 'LetsGroove' with 1 charts, 1 audio
DEBUG: Added song 'DontYouWorryChild' with 1 charts, 1 audio
DEBUG: Added song 'CantTakeMyEyesOffOfYou' with 1 charts, 1 audio
DEBUG: Added song 'HigherAndHigher' with 1 charts, 1 audio
DEBUG: Added song 'LilBooThang' with 1 charts, 1 audio
DEBUG: Added song 'Sorry' with 1 charts, 1 audio
DEBUG: Added song 'September' with 1 charts, 1 audio
DEBUG: Added song 'UptownFunk' with 1 charts, 1 audio
DEBUG: Added song 'WeFoundLove' with 1 charts, 1 audio
DEBUG: Added song 'EDM' with 1 charts, 0 audio
DEBUG: Added song 'JTMedley' with 2 charts, 1 audio
DEBUG: Added song 'SignedSealedDelivered' with 1 charts, 1 audio
DEBUG: Added song 'CrazyInLove' with 1 charts, 1 audio
DEBUG: Added song 'Levitating' with 1 charts, 1 audio
DEBUG: Added song 'SummerOf69' with 1 charts, 1 audio
DEBUG: Added song 'YouAreTheBestThing' with 1 charts, 1 audio
DEBUG: Added song 'HoldOnWereGoingHome' with 1 charts, 1 audio
DEBUG: Added song 'KillingMeSoftly' with 1 charts, 1 audio
DEBUG: Added song 'SinceYouBeenGone' with 1 charts, 1 audio
DEBUG: Added song 'HarderBetterFasterStronger' with 1 charts, 1 audio
DEBUG: Added song 'CuffIt' with 1 charts, 1 audio
DEBUG: Added song 'WakeMeUp' with 1 charts, 1 audio
DEBUG: Added song 'IDontCare' with 1 charts, 1 audio
DEBUG: Added song 'RollingInTheDeep' with 1 charts, 1 audio
DEBUG: Added song 'ShakeYourBody' with 1 charts, 1 audio
DEBUG: Added song 'LovelyDay' with 1 charts, 1 audio
DEBUG: Added song 'GetLucky' with 2 charts, 1 audio
DEBUG: Added song 'HigherLove' with 1 charts, 1 audio
DEBUG: Added song 'ImEveryWoman' with 1 charts, 1 audio
DEBUG: Added song 'MyGirl' with 1 charts, 1 audio
DEBUG: Added song 'DejaVu' with 2 charts, 1 audio
DEBUG: Added song 'IFeelItComing' with 1 charts, 1 audio
DEBUG: Added song 'Flowers' with 1 charts, 1 audio
DEBUG: Added song 'MyHair' with 1 charts, 1 audio
DEBUG: Added song 'Valerie' with 1 charts, 1 audio
DEBUG: Added song 'ShookMeAllNightLong' with 1 charts, 1 audio
DEBUG: Added song 'ProudMary' with 1 charts, 1 audio
DEBUG: Added song 'DontStopBelieving' with 1 charts, 1 audio
DEBUG: Added song 'IWannaDanceWithSomebody' with 1 charts, 1 audio
DEBUG: Added song 'DontStopTheMusic' with 1 charts, 1 audio
DEBUG: Added song 'DiscoMedley' with 1 charts, 1 audio
DEBUG: Added song 'SexOnFire' with 1 charts, 1 audio
DEBUG: Added song 'LeaveTheDoorOpen' with 1 charts, 1 audio
DEBUG: Added song '90sPopMedley' with 1 charts, 0 audio
DEBUG: Added song 'DanceTheNight' with 1 charts, 1 audio
DEBUG: Added song 'IfIAintGotYou-Eb' with 1 charts, 0 audio
DEBUG: Added song 'GeorgiaOnMyMind-Eb' with 1 charts, 0 audio
DEBUG: Added song 'LoveOnTop' with 1 charts, 1 audio
DEBUG: Added song 'MurderOnTheDancefloor' with 1 charts, 0 audio
DEBUG: Added song 'YouWereRight' with 1 charts, 0 audio
DEBUG: Added song 'Body' with 1 charts, 0 audio
DEBUG: Added song 'Punk' with 1 charts, 0 audio
DEBUG: Added song '90sPop' with 1 charts, 1 audio
DEBUG: Added song 'PunkMedley' with 1 charts, 0 audio
DEBUG: Added song 'OneLastTime' with 1 charts, 1 audio
DEBUG: Added song 'LivinOnAPrayer' with 1 charts, 1 audio
DEBUG: Added song 'Hora' with 1 charts, 1 audio
DEBUG: Added song 'DYWBAT' with 1 charts, 0 audio
DEBUG: Added song 'HotInHerre' with 1 charts, 1 audio
DEBUG: Added song 'CantStopTheFeeling' with 1 charts, 1 audio
DEBUG: Added song 'WatermelonSugar' with 1 charts, 1 audio
DEBUG: Added song 'YourSong' with 1 charts, 0 audio
DEBUG: Added song 'ThinkingOutLoud' with 1 charts, 0 audio
DEBUG: Added song 'ColdHeart' with 1 charts, 1 audio
DEBUG: Added song 'AsItWas' with 1 charts, 1 audio
DEBUG: Added song 'Mirrors' with 1 charts, 1 audio
DEBUG: Added song 'ItsMyLife' with 1 charts, 1 audio
DEBUG: Added song 'Toxic' with 1 charts, 1 audio
DEBUG: Added song 'BestOfMyLove' with 1 charts, 0 audio
DEBUG: Added song 'CaughtUp' with 1 charts, 1 audio
DEBUG: Added song 'Gimme' with 1 charts, 1 audio
DEBUG: Added song 'Celebrate' with 1 charts, 1 audio
DEBUG: Added song 'AintNobody' with 1 charts, 1 audio
DEBUG: Added song 'BooThang' with 0 charts, 1 audio
DEBUG: Added song 'AintNoMountain' with 0 charts, 1 audio
DEBUG: Added song 'Skate' with 0 charts, 1 audio
DEBUG: Added song 'Espresso' with 0 charts, 1 audio
DEBUG: Added song 'RockMedley' with 0 charts, 1 audio
DEBUG: Added song 'EDMMedley' with 0 charts, 1 audio
DEBUG: Added song '2000sPunkMedley' with 0 charts, 1 audio
DEBUG: Added song 'MotownMedley' with 0 charts, 1 audio
DEBUG: Added song 'WhenWeWereYoung' with 0 charts, 1 audio
DEBUG: Final result: 97 songs total
INFO:     127.0.0.1:63662 - "GET /api/drive/alto_sax-view HTTP/1.1" 200 OK
INFO:     127.0.0.1:63647 - "GET /api/drive/view/1Fd-eF9sHN-4d2ovQIMp3TR__3-Jc0aAm HTTP/1.1" 200 OK
INFO:     127.0.0.1:64473 - "GET /api/drive/view/1d2KD0HvBiXSjoYDS0qsJLNdN5ud8idEh HTTP/1.1" 200 OK
INFO:     127.0.0.1:64475 - "GET /api/drive/view/15qW0Xs94wI5umB2C0mP-aUyj5kj-Imar HTTP/1.1" 200 OK
WARNING:  StatReload detected changes in 'app/config.py'. Reloading...
INFO:     Shutting down
INFO:     Waiting for application shutdown.
INFO:     Application shutdown complete.
INFO:     Finished server process [25421]
INFO:     Started server process [42073]
INFO:     Waiting for application startup.
INFO:     Application startup complete.
